<?xml version="1.0" encoding="UTF-8"?>
<!-- Generated by org.testng.reporters.JUnitReportReporter -->
<testsuite hostname="CPC-ShaikIrF-B1" failures="0" tests="42" name="com.test.user.All_scenarios" time="2125.774" errors="0" timestamp="2022-09-28T14:29:49 IST" skipped="0">
  <testcase classname="com.test.user.All_scenarios" name="RUNALL" time="60.782"/>
  <system-out/>
  <testcase classname="com.test.user.All_scenarios" name="RUNALL" time="53.662"/>
  <system-out/>
  <testcase classname="com.test.user.All_scenarios" name="RUNALL" time="51.060"/>
  <system-out/>
  <testcase classname="com.test.user.All_scenarios" name="RUNALL" time="50.559"/>
  <system-out/>
  <testcase classname="com.test.user.All_scenarios" name="RUNALL" time="43.307"/>
  <system-out/>
  <testcase classname="com.test.user.All_scenarios" name="RUNALL" time="48.176"/>
  <system-out/>
  <testcase classname="com.test.user.All_scenarios" name="RUNALL" time="51.085"/>
  <system-out/>
  <testcase classname="com.test.user.All_scenarios" name="RUNALL" time="48.336"/>
  <system-out/>
  <testcase classname="com.test.user.All_scenarios" name="RUNALL" time="49.949"/>
  <system-out/>
  <testcase classname="com.test.user.All_scenarios" name="RUNALL" time="48.445"/>
  <system-out/>
  <testcase classname="com.test.user.All_scenarios" name="RUNALL" time="45.700"/>
  <system-out/>
  <testcase classname="com.test.user.All_scenarios" name="RUNALL" time="44.384"/>
  <system-out/>
  <testcase classname="com.test.user.All_scenarios" name="RUNALL" time="47.789"/>
  <system-out/>
  <testcase classname="com.test.user.All_scenarios" name="RUNALL" time="30.562"/>
  <system-out/>
  <testcase classname="com.test.user.All_scenarios" name="RUNALL" time="46.151"/>
  <system-out/>
  <testcase classname="com.test.user.All_scenarios" name="RUNALL" time="47.865"/>
  <system-out/>
  <testcase classname="com.test.user.All_scenarios" name="RUNALL" time="49.532"/>
  <system-out/>
  <testcase classname="com.test.user.All_scenarios" name="RUNALL" time="54.934"/>
  <system-out/>
  <testcase classname="com.test.user.All_scenarios" name="RUNALL" time="46.274"/>
  <system-out/>
  <testcase classname="com.test.user.All_scenarios" name="RUNALL" time="54.902"/>
  <system-out/>
  <testcase classname="com.test.user.All_scenarios" name="RUNALL" time="61.078"/>
  <system-out/>
  <testcase classname="com.test.user.All_scenarios" name="RUNALL" time="46.197"/>
  <system-out/>
  <testcase classname="com.test.user.All_scenarios" name="RUNALL" time="46.487"/>
  <system-out/>
  <testcase classname="com.test.user.All_scenarios" name="RUNALL" time="71.801"/>
  <system-out/>
  <testcase classname="com.test.user.All_scenarios" name="RUNALL" time="50.212"/>
  <system-out/>
  <testcase classname="com.test.user.All_scenarios" name="RUNALL" time="47.539"/>
  <system-out/>
  <testcase classname="com.test.user.All_scenarios" name="RUNALL" time="66.940"/>
  <system-out/>
  <testcase classname="com.test.user.All_scenarios" name="RUNALL" time="47.723"/>
  <system-out/>
  <testcase classname="com.test.user.All_scenarios" name="RUNALL" time="34.168"/>
  <system-out/>
  <testcase classname="com.test.user.All_scenarios" name="RUNALL" time="46.128"/>
  <system-out/>
  <testcase classname="com.test.user.All_scenarios" name="RUNALL" time="60.792"/>
  <system-out/>
  <testcase classname="com.test.user.All_scenarios" name="RUNALL" time="55.794"/>
  <system-out/>
  <testcase classname="com.test.user.All_scenarios" name="RUNALL" time="50.792"/>
  <system-out/>
  <testcase classname="com.test.user.All_scenarios" name="RUNALL" time="48.083"/>
  <system-out/>
  <testcase classname="com.test.user.All_scenarios" name="RUNALL" time="55.783"/>
  <system-out/>
  <testcase classname="com.test.user.All_scenarios" name="RUNALL" time="54.987"/>
  <system-out/>
  <testcase classname="com.test.user.All_scenarios" name="RUNALL" time="61.058"/>
  <system-out/>
  <testcase classname="com.test.user.All_scenarios" name="RUNALL" time="39.508"/>
  <system-out/>
  <testcase classname="com.test.user.All_scenarios" name="RUNALL" time="48.038"/>
  <system-out/>
  <testcase classname="com.test.user.All_scenarios" name="RUNALL" time="60.552"/>
  <system-out/>
  <testcase classname="com.test.user.All_scenarios" name="RUNALL" time="47.897"/>
  <system-out/>
  <testcase classname="com.test.user.All_scenarios" name="RUNALL" time="50.763"/>
  <system-out/>
</testsuite> <!-- com.test.user.All_scenarios -->
