<?xml version="1.0" encoding="UTF-8"?>
<!-- Generated by org.testng.reporters.JUnitReportReporter -->
<testsuite hostname="CPC-ShaikIrF-B1" failures="0" tests="1" name="com.test.user.All_scenarios" time="38.302" errors="0" timestamp="2022-08-11T21:58:04 IST" skipped="0">
  <testcase classname="com.test.user.All_scenarios" name="RUNALL" time="38.302"/>
  <system-out/>
</testsuite> <!-- com.test.user.All_scenarios -->
