<?xml version="1.0" encoding="UTF-8"?>
<!-- Generated by org.testng.reporters.JUnitReportReporter -->
<testsuite hostname="CPC-ShaikIrF-B1" failures="0" tests="1" name="com.test.user.Responsive_scenarios" time="17.336" errors="0" timestamp="2022-08-11T22:29:13 IST" skipped="0">
  <testcase classname="com.test.user.Responsive_scenarios" name="RUNALL" time="17.336"/>
  <system-out/>
</testsuite> <!-- com.test.user.Responsive_scenarios -->
